[20:22:10] This is prokka 1.14.6
[20:22:10] Written by Torsten Seemann <torsten.seemann@gmail.com>
[20:22:10] Homepage is https://github.com/tseemann/prokka
[20:22:10] Local time is Wed May 22 20:22:10 2024
[20:22:10] You are onelahirmez
[20:22:10] Operating system is darwin
[20:22:10] You have BioPerl 1.7.8
[20:22:10] System has 4 cores.
[20:22:10] Option --cpu asked for 8 cores, but system only has 4
[20:22:10] Will use maximum of 4 cores.
[20:22:10] Annotating as >>> Bacteria <<<
[20:22:10] Generating locus_tag from 'AbyssOutput/moraxella-8.fa' contents.
[20:22:10] Setting --locustag NOGGKBHB from MD5 78004b1b20967719f8612beb6a4a2ffc
[20:22:10] Creating new output folder: prokkaannotation
[20:22:10] Running: mkdir -p prokkaannotation
[20:22:10] Using filename prefix: moraxella.XXX
[20:22:10] Setting HMMER_NCPU=1
[20:22:10] Writing log to: prokkaannotation/moraxella.log
[20:22:10] Command: /Users/onelahirmez/miniforge3/envs/finalpresentation/bin/prokka --outdir prokkaannotation --prefix moraxella AbyssOutput/moraxella-8.fa
[20:22:10] Appending to PATH: /Users/onelahirmez/miniforge3/envs/finalpresentation/bin
[20:22:10] Looking for 'aragorn' - found /Users/onelahirmez/miniforge3/envs/finalpresentation/bin/aragorn
[20:22:10] Determined aragorn version is 001002 from 'ARAGORN v1.2.41 Dean Laslett'
[20:22:10] Looking for 'barrnap' - found /Users/onelahirmez/miniforge3/envs/finalpresentation/bin/barrnap
[20:22:11] Determined barrnap version is 000009 from 'barrnap 0.9'
[20:22:11] Looking for 'blastp' - found /Users/onelahirmez/miniforge3/envs/finalpresentation/bin/blastp
[20:22:11] Determined blastp version is 002015 from 'blastp: 2.15.0+'
[20:22:11] Looking for 'cmpress' - found /Users/onelahirmez/miniforge3/envs/finalpresentation/bin/cmpress
[20:22:11] Determined cmpress version is 001001 from '# INFERNAL 1.1.5 (Sep 2023)'
[20:22:11] Looking for 'cmscan' - found /Users/onelahirmez/miniforge3/envs/finalpresentation/bin/cmscan
[20:22:12] Determined cmscan version is 001001 from '# INFERNAL 1.1.5 (Sep 2023)'
[20:22:12] Looking for 'egrep' - found /usr/bin/egrep
[20:22:12] Looking for 'find' - found /usr/bin/find
[20:22:12] Looking for 'grep' - found /usr/bin/grep
[20:22:12] Looking for 'hmmpress' - found /Users/onelahirmez/miniforge3/envs/finalpresentation/bin/hmmpress
[20:22:12] Determined hmmpress version is 003004 from '# HMMER 3.4 (Aug 2023); http://hmmer.org/'
[20:22:12] Looking for 'hmmscan' - found /Users/onelahirmez/miniforge3/envs/finalpresentation/bin/hmmscan
[20:22:12] Determined hmmscan version is 003004 from '# HMMER 3.4 (Aug 2023); http://hmmer.org/'
[20:22:12] Looking for 'java' - found /usr/bin/java
[20:22:12] Looking for 'makeblastdb' - found /Users/onelahirmez/miniforge3/envs/finalpresentation/bin/makeblastdb
[20:22:12] Determined makeblastdb version is 002015 from 'makeblastdb: 2.15.0+'
[20:22:12] Looking for 'minced' - found /Users/onelahirmez/miniforge3/envs/finalpresentation/bin/minced
[20:22:15] Determined minced version is 004002 from 'minced 0.4.2'
[20:22:15] Looking for 'parallel' - found /Users/onelahirmez/miniforge3/envs/finalpresentation/bin/parallel
[20:22:15] Determined parallel version is 20240322 from 'GNU parallel 20240322'
[20:22:15] Looking for 'prodigal' - found /Users/onelahirmez/miniforge3/envs/finalpresentation/bin/prodigal
[20:22:16] Determined prodigal version is 002006 from 'Prodigal V2.6.3: February, 2016'
[20:22:16] Looking for 'prokka-genbank_to_fasta_db' - found /Users/onelahirmez/miniforge3/envs/finalpresentation/bin/prokka-genbank_to_fasta_db
[20:22:16] Looking for 'sed' - found /usr/bin/sed
[20:22:16] Looking for 'tbl2asn' - found /Users/onelahirmez/miniforge3/envs/finalpresentation/bin/tbl2asn
[20:22:17] Determined tbl2asn version is 025007 from 'tbl2asn 25.7   arguments:'
[20:22:17] Using genetic code table 11.
[20:22:17] Loading and checking input file: AbyssOutput/moraxella-8.fa
[20:22:17] Wrote 55 contigs totalling 1870331 bp.
[20:22:17] Predicting tRNAs and tmRNAs
[20:22:17] Running: aragorn -l -gc11  -w prokkaannotation\/moraxella\.fna
[20:22:18] 1 tRNA-Asp c[7,83] 35 (gtc)
[20:22:18] 2 tRNA-Val c[87,162] 34 (tac)
[20:22:18] 1 tRNA-Ala c[293,368] 34 (tgc)
[20:22:18] 2 tRNA-Ile c[373,449] 35 (gat)
[20:22:18] 1 tRNA-Thr [16984,17059] 34 (tgt)
[20:22:18] 2 tRNA-Tyr [17141,17224] 35 (gta)
[20:22:18] 3 tRNA-Gly [17251,17324] 33 (tcc)
[20:22:18] 4 tRNA-Thr [17337,17411] 33 (ggt)
[20:22:18] 1 tmRNA c[51467,51825] 94,126 ANDETYALAA*
[20:22:18] 1 tRNA-Met c[1013,1089] 35 (cat)
[20:22:18] 2 tRNA-Gly c[17657,17732] 34 (gcc)
[20:22:18] 3 tRNA-Met c[57501,57577] 35 (cat)
[20:22:18] 4 tRNA-Leu c[57751,57835] 35 (gag)
[20:22:18] 5 tRNA-Ala [68673,68748] 34 (ggc)
[20:22:18] 6 tRNA-Glu [68870,68945] 35 (ttc)
[20:22:18] 1 tRNA-Phe c[31792,31867] 34 (gaa)
[20:22:18] 2 tRNA-Trp c[51519,51594] 34 (cca)
[20:22:18] 1 tRNA-Ser [67738,67828] 35 (gga)
[20:22:18] 2 tRNA-Ser [96397,96488] 35 (gct)
[20:22:18] 3 tRNA-Arg [96603,96679] 35 (acg)
[20:22:18] 4 tRNA-Pro c[109937,110013] 35 (ggg)
[20:22:18] 5 tRNA-Phe [153654,153729] 34 (gaa)
[20:22:18] 1 tRNA-Gly c[27915,27990] 34 (gcc)
[20:22:18] 2 tRNA-Asp [34343,34419] 35 (gtc)
[20:22:18] 3 tRNA-Ser [43055,43145] 35 (tga)
[20:22:18] 4 tRNA-Ser [43169,43259] 35 (tga)
[20:22:18] 5 tRNA-Asn [186208,186283] 34 (gtt)
[20:22:18] 6 tRNA-Cys [279717,279790] 33 (gca)
[20:22:18] 7 tRNA-Leu [279836,279922] 35 (taa)
[20:22:18] 8 tRNA-Val [329519,329595] 35 (gac)
[20:22:18] 1 tRNA-Lys [83333,83408] 34 (ttt)
[20:22:18] 2 tRNA-Lys [83429,83504] 34 (ttt)
[20:22:18] 3 tRNA-Asn [83509,83584] 34 (gtt)
[20:22:18] 4 tRNA-Glu [119822,119897] 35 (ttc)
[20:22:18] 5 tRNA-His c[189429,189504] 34 (gtg)
[20:22:18] 6 tRNA-Arg c[189523,189599] 35 (tct)
[20:22:18] 7 tRNA-Pro c[189654,189730] 35 (tgg)
[20:22:18] 8 tRNA-Leu [191296,191380] 35 (tag)
[20:22:18] 9 tRNA-Met [191433,191509] 35 (cat)
[20:22:18] 10 tRNA-Arg [213778,213854] 35 (ccg)
[20:22:18] 1 tRNA-Leu [165424,165510] 35 (caa)
[20:22:18] 2 tRNA-Asp c[325690,325766] 35 (gtc)
[20:22:18] 3 tRNA-Leu [349904,349988] 35 (tag)
[20:22:18] 1 tRNA-Gln [49813,49888] 34 (ttg)
[20:22:18] 2 tRNA-Gln [49984,50059] 34 (ttg)
[20:22:18] Found 45 tRNAs
[20:22:18] Predicting Ribosomal RNAs
[20:22:18] Running Barrnap with 4 threads
[20:22:18] 1 113 2 16S ribosomal RNA (partial)
[20:22:18] 2 301 1 16S ribosomal RNA (partial)
[20:22:18] 3 301 137850 5S ribosomal RNA
[20:22:18] 4 302 1 16S ribosomal RNA (partial)
[20:22:18] 5 314 2 23S ribosomal RNA (partial)
[20:22:18] 6 317 449011 5S ribosomal RNA
[20:22:18] 7 318 228298 5S ribosomal RNA
[20:22:18] Found 7 rRNAs
[20:22:18] Skipping ncRNA search, enable with --rfam if desired.
[20:22:18] Total of 51 tRNA + rRNA features
[20:22:18] Searching for CRISPR repeats
[20:22:19] CRISPR1 320 215920 with 9 spacers
[20:22:19] Found 1 CRISPRs
[20:22:19] Predicting coding sequences
[20:22:19] Contigs total 1870331 bp, so using single mode
[20:22:19] Running: prodigal -i prokkaannotation\/moraxella\.fna -c -m -g 11 -p single -f sco -q
[20:22:20] Excluding CDS which overlaps existing RNA (tRNA) at 293:17107..17412 on - strand
[20:22:21] Excluding CDS which overlaps existing RNA (rRNA) at 314:1982..2254 on - strand
[20:22:22] Excluding CDS which overlaps existing RNA (repeat_region) at 320:215909..216268 on - strand
[20:22:22] Excluding CDS which overlaps existing RNA (repeat_region) at 320:216337..217062 on + strand
[20:22:22] Found 1682 CDS
[20:22:22] Connecting features back to sequences
[20:22:22] Not using genus-specific database. Try --usegenus to enable it.
[20:22:22] Annotating CDS, please be patient.
[20:22:22] Will use 4 CPUs for similarity searching.
[20:22:22] There are still 1682 unannotated CDS left (started with 1682)
[20:22:22] Will use blast to search against /Users/onelahirmez/miniforge3/envs/finalpresentation/db/kingdom/Bacteria/IS with 4 CPUs
[20:22:22] Running: cat prokkaannotation\/moraxella\.IS\.tmp\.69819\.faa | parallel --gnu --plain -j 4 --block 67589 --recstart '>' --pipe blastp -query - -db /Users/onelahirmez/miniforge3/envs/finalpresentation/db/kingdom/Bacteria/IS -evalue 1e-30 -qcov_hsp_perc 90 -num_threads 1 -num_descriptions 1 -num_alignments 1 -seg no > prokkaannotation\/moraxella\.IS\.tmp\.69819\.blast 2> /dev/null
[20:22:31] Deleting unwanted file: prokkaannotation/moraxella.IS.tmp.69819.faa
[20:22:31] Deleting unwanted file: prokkaannotation/moraxella.IS.tmp.69819.blast
[20:22:32] There are still 1682 unannotated CDS left (started with 1682)
[20:22:32] Will use blast to search against /Users/onelahirmez/miniforge3/envs/finalpresentation/db/kingdom/Bacteria/AMR with 4 CPUs
[20:22:32] Running: cat prokkaannotation\/moraxella\.AMR\.tmp\.69819\.faa | parallel --gnu --plain -j 4 --block 67589 --recstart '>' --pipe blastp -query - -db /Users/onelahirmez/miniforge3/envs/finalpresentation/db/kingdom/Bacteria/AMR -evalue 1e-300 -qcov_hsp_perc 90 -num_threads 1 -num_descriptions 1 -num_alignments 1 -seg no > prokkaannotation\/moraxella\.AMR\.tmp\.69819\.blast 2> /dev/null
[20:22:40] Deleting unwanted file: prokkaannotation/moraxella.AMR.tmp.69819.faa
[20:22:40] Deleting unwanted file: prokkaannotation/moraxella.AMR.tmp.69819.blast
[20:22:40] There are still 1682 unannotated CDS left (started with 1682)
[20:22:40] Will use blast to search against /Users/onelahirmez/miniforge3/envs/finalpresentation/db/kingdom/Bacteria/sprot with 4 CPUs
[20:22:40] Running: cat prokkaannotation\/moraxella\.sprot\.tmp\.69819\.faa | parallel --gnu --plain -j 4 --block 67589 --recstart '>' --pipe blastp -query - -db /Users/onelahirmez/miniforge3/envs/finalpresentation/db/kingdom/Bacteria/sprot -evalue 1e-09 -qcov_hsp_perc 80 -num_threads 1 -num_descriptions 1 -num_alignments 1 -seg no > prokkaannotation\/moraxella\.sprot\.tmp\.69819\.blast 2> /dev/null
[20:23:19] Modify product: Probable lipid II flippase MurJ => putative lipid II flippase MurJ
[20:23:20] Modify product: Probable GTP-binding protein EngB => putative GTP-binding protein EngB
[20:23:20] Modify product: Uncharacterized protein YqeY => putative protein YqeY
[20:23:20] Modify product: Uncharacterized FAD-linked oxidoreductase Rv2280 => putative FAD-linked oxidoreductase
[20:23:20] Modify product: RNA-binding protein HI_1333 => RNA-binding protein
[20:23:20] Modify product: UPF0145 protein YbjQ => hypothetical protein
[20:23:20] Modify product: UPF0178 protein YaiI => hypothetical protein
[20:23:20] Modify product: Uncharacterized metal-dependent hydrolase YjjV => putative metal-dependent hydrolase YjjV
[20:23:20] Modify product: Uncharacterized FAD-linked oxidoreductase Rv2280 => putative FAD-linked oxidoreductase
[20:23:20] Modify product: Uncharacterized periplasmic iron-binding protein HI_0362 => putative periplasmic iron-binding protein
[20:23:20] Modify product: Probable pyridine nucleotide-disulfide oxidoreductase RclA => putative pyridine nucleotide-disulfide oxidoreductase RclA
[20:23:20] Modify product: Uncharacterized sugar kinase YdjH => putative sugar kinase YdjH
[20:23:20] Modify product: Uncharacterized protein HI_0933 => putative protein
[20:23:20] Modify product: Probable acyltransferase YihG => putative acyltransferase YihG
[20:23:20] Modify product: Probable lipoprotein YiaD => putative lipoprotein YiaD
[20:23:20] Modify product: Uncharacterized protein YciO => putative protein YciO
[20:23:20] Modify product: Probable peptidoglycan glycosyltransferase FtsW => putative peptidoglycan glycosyltransferase FtsW
[20:23:20] Modify product: Putative 2-hydroxyacid dehydrogenase HI_1556 => Putative 2-hydroxyacid dehydrogenase
[20:23:20] Modify product: GTP cyclohydrolase 1 type 2 homolog => GTP cyclohydrolase 1 type 2 
[20:23:20] Modify product: Probable sulfate transporter Rv1739c => putative sulfate transporter
[20:23:20] Modify product: Uncharacterized protein HI_1457 => putative protein
[20:23:20] Modify product: Uncharacterized protein DR_1314 => putative protein
[20:23:20] Modify product: UPF0053 inner membrane protein YtfL => hypothetical protein
[20:23:20] Modify product: Uncharacterized oxidoreductase YciK => putative oxidoreductase YciK
[20:23:20] Modify product: UPF0301 protein ACIAD0353 => hypothetical protein
[20:23:20] Modify product: Probable binding protein component of ABC iron transporter PA5217 => putative binding protein component of ABC iron transporter
[20:23:20] Modify product: Probable nitrate transporter NarT => putative nitrate transporter NarT
[20:23:20] Modify product: Probable molybdenum cofactor guanylyltransferase => putative molybdenum cofactor guanylyltransferase
[20:23:20] Modify product: Probable nitrate reductase molybdenum cofactor assembly chaperone NarW => putative nitrate reductase molybdenum cofactor assembly chaperone NarW
[20:23:20] Modify product: Probable TonB-dependent receptor NMB1497 => putative TonB-dependent receptor
[20:23:20] Modify product: Probable succinyl-CoA:3-ketoacid coenzyme A transferase subunit B => putative succinyl-CoA:3-ketoacid coenzyme A transferase subunit B
[20:23:21] Modify product: Putative low molecular weight protein-tyrosine-phosphatase slr0328 => Putative low molecular weight protein-tyrosine-phosphatase
[20:23:21] Modify product: Uncharacterized metal-dependent hydrolase YcfH => putative metal-dependent hydrolase YcfH
[20:23:21] Modify product: TPR repeat-containing protein NMB0313 => TPR repeat-containing protein
[20:23:21] Modify product: Probable phosphatase Rv3661 => putative phosphatase
[20:23:21] Modify product: Probable protein kinase UbiB => putative protein kinase UbiB
[20:23:21] Modify product: Probable copper-importing P-type ATPase A => putative copper-importing P-type ATPase A
[20:23:21] Modify product: Putative transport protein Rv0205 => Putative transport protein
[20:23:21] Modify product: UPF0382 membrane protein YwdK => hypothetical protein
[20:23:21] Modify product: UPF0299 membrane protein YohJ => hypothetical protein
[20:23:21] Modify product: Uncharacterized protein YibN => putative protein YibN
[20:23:21] Modify product: Probable hemoglobin and hemoglobin-haptoglobin-binding protein 2 => putative hemoglobin and hemoglobin-haptoglobin-binding protein 2
[20:23:21] Modify product: Probable phosphatidylethanolamine transferase Mcr-1 => putative phosphatidylethanolamine transferase Mcr-1
[20:23:21] Modify product: Uncharacterized protein HI_0103 => putative protein
[20:23:21] Modify product: Probable TonB-dependent receptor NMB0964 => putative TonB-dependent receptor
[20:23:21] Modify product: UPF0234 protein HI_1034 => hypothetical protein
[20:23:21] Modify product: Stringent starvation protein B homolog => Stringent starvation protein B 
[20:23:21] Modify product: Uncharacterized ABC transporter ATP-binding protein YadG => putative ABC transporter ATP-binding protein YadG
[20:23:21] Modify product: Probable nicotinate-nucleotide pyrophosphorylase [carboxylating] => putative nicotinate-nucleotide pyrophosphorylase [carboxylating]
[20:23:21] Modify product: Nucleoid-associated protein HI_0442 => Nucleoid-associated protein
[20:23:21] Modify product: Segregation and condensation protein B homolog => Segregation and condensation protein B 
[20:23:21] Modify product: UPF0056 inner membrane protein MarC => hypothetical protein
[20:23:21] Modify product: Uncharacterized membrane protein NMB1645 => putative membrane protein
[20:23:21] Modify product: Uncharacterized protein YcgM => putative protein YcgM
[20:23:21] Modify product: UPF0053 protein Rv2366c => hypothetical protein
[20:23:21] Modify product: Cytochrome b561 homolog 2 => Cytochrome b561 
[20:23:21] Modify product: Probable D-methionine-binding lipoprotein MetQ => putative D-methionine-binding lipoprotein MetQ
[20:23:21] Modify product: Probable nicotinate-nucleotide adenylyltransferase => putative nicotinate-nucleotide adenylyltransferase
[20:23:21] Modify product: Probable deferrochelatase/peroxidase EfeN => putative deferrochelatase/peroxidase EfeN
[20:23:22] Modify product: Uncharacterized ABC transporter ATP-binding protein YheS => putative ABC transporter ATP-binding protein YheS
[20:23:22] Modify product: Probable Fe(2+)-trafficking protein => putative Fe(2+)-trafficking protein
[20:23:22] Modify product: Putative multidrug export ATP-binding/permease protein SAV1866 => Putative multidrug export ATP-binding/permease protein
[20:23:22] Modify product: Bifunctional protein FolD => Bifunctional protein FolD protein
[20:23:22] Modify product: GTP cyclohydrolase 1 type 2 homolog => GTP cyclohydrolase 1 type 2 
[20:23:22] Modify product: Probable ABC transporter ATP-binding/permease protein HI_0664 => putative ABC transporter ATP-binding/permease protein
[20:23:22] Modify product: Uncharacterized protein Rv0647c => putative protein
[20:23:22] Modify product: UPF0225 protein YchJ => hypothetical protein
[20:23:22] Modify product: Probable ribosomal oxygenase HI_0396 => putative ribosomal oxygenase
[20:23:22] Modify product: Uncharacterized oxidoreductase Rv0945 => putative oxidoreductase
[20:23:22] Modify product: UPF0442 protein YjjB => hypothetical protein
[20:23:22] Cleaned 70 /product names
[20:23:22] Deleting unwanted file: prokkaannotation/moraxella.sprot.tmp.69819.faa
[20:23:22] Deleting unwanted file: prokkaannotation/moraxella.sprot.tmp.69819.blast
[20:23:22] There are still 692 unannotated CDS left (started with 1682)
[20:23:22] Will use hmmer3 to search against /Users/onelahirmez/miniforge3/envs/finalpresentation/db/hmm/HAMAP.hmm with 4 CPUs
[20:23:22] Running: cat prokkaannotation\/moraxella\.HAMAP\.hmm\.tmp\.69819\.faa | parallel --gnu --plain -j 4 --block 23278 --recstart '>' --pipe hmmscan --noali --notextw --acc -E 1e-09 --cpu 1 /Users/onelahirmez/miniforge3/envs/finalpresentation/db/hmm/HAMAP.hmm /dev/stdin > prokkaannotation\/moraxella\.HAMAP\.hmm\.tmp\.69819\.hmmer3 2> /dev/null
[20:23:39] Modify product: Uncharacterized Nudix hydrolase NudL => putative Nudix hydrolase NudL
[20:23:39] Cleaned 1 /product names
[20:23:39] Deleting unwanted file: prokkaannotation/moraxella.HAMAP.hmm.tmp.69819.faa
[20:23:39] Deleting unwanted file: prokkaannotation/moraxella.HAMAP.hmm.tmp.69819.hmmer3
[20:23:39] Labelling remaining 584 proteins as 'hypothetical protein'
[20:23:39] Possible /pseudo 'Manganese transport system membrane protein MntB' at 309 position 3935
[20:23:39] Possible /pseudo 'ABC transporter arginine-binding protein 1' at 313 position 15873
[20:23:39] Possible /pseudo 'Modification methylase HaeIII' at 317 position 39465
[20:23:39] Possible /pseudo 'Long-chain-fatty-acid--CoA ligase' at 318 position 174338
[20:23:39] Possible /pseudo '4-hydroxyphenylpyruvate dioxygenase' at 319 position 229972
[20:23:39] Possible /pseudo '4-hydroxyphenylpyruvate dioxygenase' at 319 position 230179
[20:23:39] Possible /pseudo 'Bacterioferritin' at 319 position 254507
[20:23:39] Found 989 unique /gene codes.
[20:23:39] Fixed 2 duplicate /gene - haeIIIM_1 haeIIIM_2
[20:23:39] Fixed 2 duplicate /gene - trmB_1 trmB_2
[20:23:39] Fixed 2 duplicate /gene - ruvB_1 ruvB_2
[20:23:39] Fixed 2 duplicate /gene - rlmB_1 rlmB_2
[20:23:39] Fixed 2 duplicate /gene - ftsH_1 ftsH_2
[20:23:39] Fixed 2 duplicate /gene - atpH_1 atpH_2
[20:23:39] Fixed 2 duplicate /gene - bamA_1 bamA_2
[20:23:39] Fixed 2 duplicate /gene - nth_1 nth_2
[20:23:39] Fixed 2 duplicate /gene - dnaA_1 dnaA_2
[20:23:39] Fixed 2 duplicate /gene - fpr_1 fpr_2
[20:23:39] Fixed 2 duplicate /gene - ppx_1 ppx_2
[20:23:39] Fixed 2 duplicate /gene - artJ_1 artJ_2
[20:23:39] Fixed 2 duplicate /gene - pal_1 pal_2
[20:23:39] Fixed 2 duplicate /gene - btuB_1 btuB_2
[20:23:39] Fixed 2 duplicate /gene - rppH_1 rppH_2
[20:23:39] Fixed 2 duplicate /gene - tolQ_1 tolQ_2
[20:23:39] Fixed 2 duplicate /gene - moeB_1 moeB_2
[20:23:39] Fixed 2 duplicate /gene - bfr_1 bfr_2
[20:23:39] Fixed 4 duplicate /gene - tufA_1 tufA_2 tufA_3 tufA_4
[20:23:39] Fixed 3 duplicate /gene - btuD_1 btuD_2 btuD_3
[20:23:39] Fixed 2 duplicate /gene - dnaJ_1 dnaJ_2
[20:23:39] Fixed 2 duplicate /gene - blh_1 blh_2
[20:23:39] Fixed 2 duplicate /gene - surA_1 surA_2
[20:23:39] Fixed 2 duplicate /gene - copA_1 copA_2
[20:23:39] Fixed 3 duplicate /gene - smc_1 smc_2 smc_3
[20:23:39] Fixed 2 duplicate /gene - proC_1 proC_2
[20:23:39] Fixed 2 duplicate /gene - dmdC_1 dmdC_2
[20:23:39] Fixed 2 duplicate /gene - rcsC_1 rcsC_2
[20:23:39] Fixed 2 duplicate /gene - rep_1 rep_2
[20:23:39] Fixed 2 duplicate /gene - rlpA_1 rlpA_2
[20:23:39] Fixed 2 duplicate /gene - fbp_1 fbp_2
[20:23:39] Fixed 2 duplicate /gene - dksA_1 dksA_2
[20:23:39] Fixed 3 duplicate /gene - hpd_1 hpd_2 hpd_3
[20:23:39] Fixed 2 duplicate /gene - fbpC_1 fbpC_2
[20:23:39] Fixed 2 duplicate /gene - syrM1_1 syrM1_2
[20:23:39] Fixed 2 duplicate /gene - fadD_1 fadD_2
[20:23:39] Fixed 2 duplicate /gene - ubiB_1 ubiB_2
[20:23:39] Fixed 2 duplicate /gene - mntB_1 mntB_2
[20:23:39] Fixed 2 duplicate /gene - sasA_1 sasA_2
[20:23:39] Fixed 3 duplicate /gene - fdx_1 fdx_2 fdx_3
[20:23:39] Fixed 2 duplicate /gene - exbD_1 exbD_2
[20:23:39] Fixed 41 colliding /gene names.
[20:23:39] Adding /locus_tag identifiers
[20:23:39] Assigned 1734 locus_tags to CDS and RNA features.
[20:23:39] Writing outputs to prokkaannotation/
[20:23:40] Generating annotation statistics file
[20:23:40] Generating Genbank and Sequin files
[20:23:40] Running: tbl2asn -V b -a r10k -l paired-ends -M n -N 1 -y 'Annotated using prokka 1.14.6 from https://github.com/tseemann/prokka' -Z prokkaannotation\/moraxella\.err -i prokkaannotation\/moraxella\.fsa 2> /dev/null
[20:23:45] Deleting unwanted file: prokkaannotation/errorsummary.val
[20:23:45] Deleting unwanted file: prokkaannotation/moraxella.dr
[20:23:45] Deleting unwanted file: prokkaannotation/moraxella.fixedproducts
[20:23:45] Deleting unwanted file: prokkaannotation/moraxella.ecn
[20:23:45] Deleting unwanted file: prokkaannotation/moraxella.val
[20:23:45] Repairing broken .GBK output that tbl2asn produces...
[20:23:45] Running: sed 's/COORDINATES: profile/COORDINATES:profile/' < prokkaannotation\/moraxella\.gbf > prokkaannotation\/moraxella\.gbk
[20:23:45] Deleting unwanted file: prokkaannotation/moraxella.gbf
[20:23:45] Output files:
[20:23:45] prokkaannotation/moraxella.log
[20:23:45] prokkaannotation/moraxella.fna
[20:23:45] prokkaannotation/moraxella.gff
[20:23:45] prokkaannotation/moraxella.faa
[20:23:45] prokkaannotation/moraxella.ffn
[20:23:45] prokkaannotation/moraxella.tbl
[20:23:45] prokkaannotation/moraxella.fsa
[20:23:45] prokkaannotation/moraxella.tsv
[20:23:45] prokkaannotation/moraxella.txt
[20:23:45] prokkaannotation/moraxella.gbk
[20:23:45] prokkaannotation/moraxella.sqn
[20:23:45] prokkaannotation/moraxella.err
[20:23:45] prokkaannotation/moraxella.gbf-r
[20:23:45] Annotation finished successfully.
[20:23:45] Walltime used: 1.58 minutes
[20:23:45] If you use this result please cite the Prokka paper:
[20:23:45] Seemann T (2014) Prokka: rapid prokaryotic genome annotation. Bioinformatics. 30(14):2068-9.
[20:23:45] Type 'prokka --citation' for more details.
[20:23:45] Share and enjoy!
